<?xml version="1.0" encoding="utf-8"?><testsuites><testsuite errors="0" failures="1" hostname="LAPTOP-KL21T9AV" name="pytest" skipped="0" tests="7" time="0.896" timestamp="2020-07-14T14:07:20.755126"><testcase classname="catalog.tests.test_forms.SimpleTest" file="catalog\tests\test_forms.py" line="21" name="test_basic_addition" time="0.005"><system-out>--------------------------------- Captured Log ---------------------------------

--------------------------------- Captured Out ---------------------------------

</system-out><system-err>--------------------------------- Captured Err ---------------------------------

</system-err></testcase><testcase classname="catalog.tests.test_models.AuthorModelTest" file="catalog\tests\test_models.py" line="23" name="test_date_of_death_label" time="0.011"><system-out>--------------------------------- Captured Log ---------------------------------

--------------------------------- Captured Out ---------------------------------

</system-out><system-err>--------------------------------- Captured Err ---------------------------------

</system-err></testcase><testcase classname="catalog.tests.test_models.AuthorModelTest" file="catalog\tests\test_models.py" line="18" name="test_first_name_label" time="0.001"><system-out>--------------------------------- Captured Log ---------------------------------

--------------------------------- Captured Out ---------------------------------

</system-out><system-err>--------------------------------- Captured Err ---------------------------------

</system-err></testcase><testcase classname="catalog.tests.test_models.AuthorModelTest" file="catalog\tests\test_models.py" line="28" name="test_first_name_max_length" time="0.002"><system-out>--------------------------------- Captured Log ---------------------------------

--------------------------------- Captured Out ---------------------------------

</system-out><system-err>--------------------------------- Captured Err ---------------------------------

</system-err></testcase><testcase classname="catalog.tests.test_models.AuthorModelTest" file="catalog\tests\test_models.py" line="38" name="test_get_absolute_url" time="0.031"><failure message="AssertionError: &apos;/catalog/authors/1&apos; != &apos;/catalog/author/1&apos;
- /catalog/authors/1
?                -
+ /catalog/author/1">self = &lt;catalog.tests.test_models.AuthorModelTest testMethod=test_get_absolute_url&gt;

    def test_get_absolute_url(self):
        author = Author.objects.get(id=1)
        # This will also fail if the urlconf is not defined.
&gt;       self.assertEquals(author.get_absolute_url(), &apos;/catalog/author/1&apos;)
E       AssertionError: &apos;/catalog/authors/1&apos; != &apos;/catalog/author/1&apos;
E       - /catalog/authors/1
E       ?                -
E       + /catalog/author/1

catalog\tests\test_models.py:42: AssertionError</failure><system-out>--------------------------------- Captured Log ---------------------------------

--------------------------------- Captured Out ---------------------------------

</system-out><system-err>--------------------------------- Captured Err ---------------------------------

</system-err></testcase><testcase classname="catalog.tests.test_models.AuthorModelTest" file="catalog\tests\test_models.py" line="33" name="test_object_name_is_last_name_comma_first_name" time="0.003"><system-out>--------------------------------- Captured Log ---------------------------------

--------------------------------- Captured Out ---------------------------------

</system-out><system-err>--------------------------------- Captured Err ---------------------------------

</system-err></testcase><testcase classname="catalog.tests.test_views.SimpleTest" file="catalog\tests\test_views.py" line="21" name="test_basic_addition" time="0.003"><system-out>--------------------------------- Captured Log ---------------------------------

--------------------------------- Captured Out ---------------------------------

</system-out><system-err>--------------------------------- Captured Err ---------------------------------

</system-err></testcase></testsuite></testsuites>